<component name="libraryTable">
  <library name="junit-4.12">
    <CLASSES>
      <root url="jar://H:/Maven/apache-maven-3.6.1/conf/m2/repository/junit/junit/4.12/junit-4.12.jar!/" />
    </CLASSES>
    <JAVADOC />
    <SOURCES />
  </library>
</component>